янв. 29, 2024 8:17:53 PM Server.Server main
INFO: RMI server is ready
янв. 29, 2024 8:17:53 PM Server.Server main
INFO: Chat Server is running on port 12345
янв. 29, 2024 8:17:53 PM Server.ChatServer start
INFO: Chat server is running on port: 12345
янв. 29, 2024 8:48:25 PM Server.Server main
INFO: RMI server is ready
янв. 29, 2024 8:48:25 PM Server.Server main
INFO: Chat Server is running on port 12345
янв. 29, 2024 8:48:25 PM Server.ChatServer start
INFO: Chat server is running on port: 12345
янв. 29, 2024 8:49:10 PM Server.Server main
INFO: RMI server is ready
янв. 29, 2024 8:49:10 PM Server.Server main
INFO: Chat Server is running on port 12345
янв. 29, 2024 8:49:10 PM Server.ChatServer start
INFO: Chat server is running on port: 12345
янв. 29, 2024 8:49:59 PM Server.GameImplementation registerClient
INFO: Client registered with Player ID: 1
янв. 29, 2024 8:49:59 PM Server.ChatServer$ClientHandler run
INFO: New client connected: Socket[addr=/127.0.0.1,port=59560,localport=12345]
янв. 29, 2024 8:50:29 PM Server.GameImplementation registerClient
INFO: Client registered with Player ID: 2
янв. 29, 2024 8:50:29 PM Server.ChatServer$ClientHandler run
INFO: New client connected: Socket[addr=/127.0.0.1,port=59578,localport=12345]
янв. 29, 2024 8:50:49 PM Server.GameImplementation registerClient
INFO: Client registered with Player ID: 3
янв. 29, 2024 8:50:49 PM Server.ChatServer$ClientHandler run
INFO: New client connected: Socket[addr=/127.0.0.1,port=59591,localport=12345]
янв. 29, 2024 8:51:04 PM Server.GameImplementation pair_players
INFO: Pairing players: 1 and 3
янв. 29, 2024 8:51:28 PM Server.GameImplementation pair_players
INFO: Pairing players: 3 and 2
янв. 29, 2024 8:51:52 PM Server.ChatServer$ClientHandler run
INFO: Client disconnected: Socket[addr=/127.0.0.1,port=59591,localport=12345]
янв. 29, 2024 8:51:53 PM Server.ChatServer$ClientHandler run
INFO: Client disconnected: Socket[addr=/127.0.0.1,port=59578,localport=12345]
янв. 29, 2024 8:51:54 PM Server.ChatServer$ClientHandler run
INFO: Client disconnected: Socket[addr=/127.0.0.1,port=59560,localport=12345]
янв. 29, 2024 9:16:41 PM Server.Server main
INFO: RMI server is ready
янв. 29, 2024 9:16:41 PM Server.Server main
INFO: Chat Server is running on port 12345
янв. 29, 2024 9:16:41 PM Server.ChatServer start
INFO: Chat server is running on port: 12345
янв. 29, 2024 9:17:16 PM Server.GameImplementation registerClient
INFO: Client registered with Player ID: 1
янв. 29, 2024 9:17:16 PM Server.ChatServer$ClientHandler run
INFO: New client connected: Socket[addr=/127.0.0.1,port=60405,localport=12345]
янв. 29, 2024 9:17:37 PM Server.GameImplementation registerClient
INFO: Client registered with Player ID: 2
янв. 29, 2024 9:17:37 PM Server.ChatServer$ClientHandler run
INFO: New client connected: Socket[addr=/127.0.0.1,port=60418,localport=12345]
янв. 29, 2024 9:17:48 PM Server.GameImplementation pair_players
INFO: Pairing players: 2 and 1
янв. 29, 2024 9:18:04 PM Server.GameImplementation registerClient
INFO: Client registered with Player ID: 3
янв. 29, 2024 9:18:04 PM Server.ChatServer$ClientHandler run
INFO: New client connected: Socket[addr=/127.0.0.1,port=60441,localport=12345]
янв. 29, 2024 9:18:13 PM Server.GameImplementation registerClient
INFO: Client registered with Player ID: 4
янв. 29, 2024 9:18:13 PM Server.ChatServer$ClientHandler run
INFO: New client connected: Socket[addr=/127.0.0.1,port=60455,localport=12345]
янв. 29, 2024 9:18:45 PM Server.GameImplementation pair_players
INFO: Pairing players: 4 and 3
янв. 29, 2024 9:19:13 PM Server.GameImplementation pair_players
INFO: Pairing players: 1 and 4
янв. 29, 2024 9:28:07 PM Server.Server main
INFO: RMI server is ready
янв. 29, 2024 9:28:07 PM Server.Server main
INFO: Chat Server is running on port 12345
янв. 29, 2024 9:28:07 PM Server.ChatServer start
INFO: Chat server is running on port: 12345
янв. 29, 2024 9:28:24 PM Server.GameImplementation registerClient
INFO: Client registered with Player ID: 1
янв. 29, 2024 9:28:24 PM Server.ChatServer$ClientHandler run
INFO: New client connected: Socket[addr=/127.0.0.1,port=60815,localport=12345]
янв. 29, 2024 9:28:45 PM Server.GameImplementation registerClient
INFO: Client registered with Player ID: 2
янв. 29, 2024 9:28:45 PM Server.ChatServer$ClientHandler run
INFO: New client connected: Socket[addr=/127.0.0.1,port=60831,localport=12345]
янв. 29, 2024 9:28:53 PM Server.GameImplementation pair_players
INFO: Pairing players: 1 and 2
янв. 29, 2024 9:29:24 PM Server.GameImplementation pair_players
INFO: Pairing players: 1 and 2
янв. 29, 2024 9:29:30 PM Server.ChatServer$ClientHandler run
INFO: Client disconnected: Socket[addr=/127.0.0.1,port=60815,localport=12345]
янв. 29, 2024 9:29:31 PM Server.ChatServer$ClientHandler run
INFO: Client disconnected: Socket[addr=/127.0.0.1,port=60831,localport=12345]
янв. 29, 2024 9:37:25 PM Server.Server main
INFO: RMI server is ready
янв. 29, 2024 9:37:25 PM Server.Server main
INFO: Chat Server is running on port 12345
янв. 29, 2024 9:37:25 PM Server.ChatServer start
INFO: Chat server is running on port: 12345
янв. 29, 2024 9:37:41 PM Server.GameImplementation registerClient
INFO: Client registered with Player ID: 1
янв. 29, 2024 9:37:41 PM Server.ChatServer$ClientHandler run
INFO: New client connected: Socket[addr=/127.0.0.1,port=61118,localport=12345]
янв. 29, 2024 9:37:55 PM Server.GameImplementation registerClient
INFO: Client registered with Player ID: 2
янв. 29, 2024 9:37:55 PM Server.ChatServer$ClientHandler run
INFO: New client connected: Socket[addr=/127.0.0.1,port=61129,localport=12345]
янв. 29, 2024 9:38:02 PM Server.GameImplementation pair_players
INFO: Pairing players: 2 and 1
янв. 29, 2024 9:38:23 PM Server.GameImplementation pair_players
INFO: Pairing players: 1 and 2
янв. 29, 2024 9:43:12 PM Server.Server main
INFO: RMI server is ready
янв. 29, 2024 9:43:12 PM Server.Server main
INFO: Chat Server is running on port 12345
янв. 29, 2024 9:43:12 PM Server.ChatServer start
INFO: Chat server is running on port: 12345
янв. 29, 2024 9:43:23 PM Server.GameImplementation registerClient
INFO: Client registered with Player ID: 1
янв. 29, 2024 9:43:23 PM Server.ChatServer$ClientHandler run
INFO: New client connected: Socket[addr=/127.0.0.1,port=61328,localport=12345]
янв. 29, 2024 9:43:48 PM Server.GameImplementation registerClient
INFO: Client registered with Player ID: 2
янв. 29, 2024 9:43:48 PM Server.ChatServer$ClientHandler run
INFO: New client connected: Socket[addr=/127.0.0.1,port=61343,localport=12345]
янв. 29, 2024 9:43:55 PM Server.GameImplementation pair_players
INFO: Pairing players: 1 and 2
янв. 29, 2024 9:44:13 PM Server.ChatServer$ClientHandler run
INFO: Client disconnected: Socket[addr=/127.0.0.1,port=61328,localport=12345]
янв. 29, 2024 9:44:14 PM Server.ChatServer$ClientHandler run
INFO: Client disconnected: Socket[addr=/127.0.0.1,port=61343,localport=12345]
янв. 29, 2024 9:53:37 PM Server.Server main
INFO: RMI server is ready
янв. 29, 2024 9:53:38 PM Server.Server main
INFO: Chat Server is running on port 12345
янв. 29, 2024 9:53:38 PM Server.ChatServer start
INFO: Chat server is running on port: 12345
янв. 29, 2024 9:53:49 PM Server.Server main
INFO: RMI server is ready
янв. 29, 2024 9:53:49 PM Server.Server main
INFO: Chat Server is running on port 12345
янв. 29, 2024 9:53:49 PM Server.ChatServer start
INFO: Chat server is running on port: 12345
янв. 29, 2024 9:54:11 PM Server.GameImplementation registerClient
INFO: Client registered with Player ID: 1
янв. 29, 2024 9:54:11 PM Server.ChatServer$ClientHandler run
INFO: New client connected: Socket[addr=/127.0.0.1,port=61703,localport=12345]
янв. 29, 2024 9:54:27 PM Server.GameImplementation registerClient
INFO: Client registered with Player ID: 2
янв. 29, 2024 9:54:27 PM Server.ChatServer$ClientHandler run
INFO: New client connected: Socket[addr=/127.0.0.1,port=61713,localport=12345]
янв. 29, 2024 9:54:33 PM Server.GameImplementation pair_players
INFO: Pairing players: 2 and 1
янв. 29, 2024 9:54:44 PM Server.ChatServer$ClientHandler run
INFO: Client disconnected: Socket[addr=/127.0.0.1,port=61713,localport=12345]
янв. 29, 2024 9:54:45 PM Server.ChatServer$ClientHandler run
INFO: Client disconnected: Socket[addr=/127.0.0.1,port=61703,localport=12345]
янв. 29, 2024 9:55:27 PM Server.Server main
INFO: RMI server is ready
янв. 29, 2024 9:55:27 PM Server.Server main
INFO: Chat Server is running on port 12345
янв. 29, 2024 9:55:27 PM Server.ChatServer start
INFO: Chat server is running on port: 12345
янв. 29, 2024 9:55:32 PM Server.GameImplementation registerClient
INFO: Client registered with Player ID: 1
янв. 29, 2024 9:55:32 PM Server.ChatServer$ClientHandler run
INFO: New client connected: Socket[addr=/127.0.0.1,port=61761,localport=12345]
янв. 29, 2024 9:55:38 PM Server.GameImplementation registerClient
INFO: Client registered with Player ID: 2
янв. 29, 2024 9:55:38 PM Server.ChatServer$ClientHandler run
INFO: New client connected: Socket[addr=/127.0.0.1,port=61768,localport=12345]
янв. 29, 2024 9:55:44 PM Server.GameImplementation pair_players
INFO: Pairing players: 2 and 1
янв. 29, 2024 9:56:08 PM Server.ChatServer$ClientHandler run
INFO: Client disconnected: Socket[addr=/127.0.0.1,port=61761,localport=12345]
янв. 29, 2024 9:56:10 PM Server.ChatServer$ClientHandler run
INFO: Client disconnected: Socket[addr=/127.0.0.1,port=61768,localport=12345]
янв. 29, 2024 10:02:22 PM Server.Server main
INFO: RMI server is ready
янв. 29, 2024 10:02:22 PM Server.Server main
INFO: Chat Server is running on port 12345
янв. 29, 2024 10:02:22 PM Server.ChatServer start
INFO: Chat server is running on port: 12345
янв. 29, 2024 10:02:47 PM Server.GameImplementation registerClient
INFO: Client registered with Player ID: 1
янв. 29, 2024 10:02:47 PM Server.ChatServer$ClientHandler run
INFO: New client connected: Socket[addr=/127.0.0.1,port=62022,localport=12345]
янв. 29, 2024 10:03:04 PM Server.GameImplementation registerClient
INFO: Client registered with Player ID: 2
янв. 29, 2024 10:03:04 PM Server.ChatServer$ClientHandler run
INFO: New client connected: Socket[addr=/127.0.0.1,port=62037,localport=12345]
янв. 29, 2024 10:03:09 PM Server.GameImplementation pair_players
INFO: Pairing players: 1 and 2
янв. 29, 2024 10:06:51 PM Server.Server main
INFO: RMI server is ready
янв. 29, 2024 10:06:51 PM Server.Server main
INFO: Chat Server is running on port 12345
янв. 29, 2024 10:06:51 PM Server.ChatServer start
INFO: Chat server is running on port: 12345
янв. 29, 2024 10:07:20 PM Server.GameImplementation registerClient
INFO: Client registered with Player ID: 1
янв. 29, 2024 10:07:20 PM Server.ChatServer$ClientHandler run
INFO: New client connected: Socket[addr=/127.0.0.1,port=62188,localport=12345]
янв. 29, 2024 10:07:39 PM Server.GameImplementation registerClient
INFO: Client registered with Player ID: 2
янв. 29, 2024 10:07:39 PM Server.ChatServer$ClientHandler run
INFO: New client connected: Socket[addr=/127.0.0.1,port=62217,localport=12345]
янв. 29, 2024 10:07:41 PM Server.GameImplementation pair_players
INFO: Pairing players: 2 and 1
янв. 29, 2024 10:07:51 PM Server.ChatServer$ClientHandler run
INFO: Client disconnected: Socket[addr=/127.0.0.1,port=62217,localport=12345]
янв. 29, 2024 10:07:52 PM Server.ChatServer$ClientHandler run
INFO: Client disconnected: Socket[addr=/127.0.0.1,port=62188,localport=12345]
янв. 29, 2024 10:18:01 PM Server.Server main
INFO: RMI server is ready
янв. 29, 2024 10:18:02 PM Server.Server main
INFO: Chat Server is running on port 12345
янв. 29, 2024 10:18:02 PM Server.ChatServer start
INFO: Chat server is running on port: 12345
янв. 29, 2024 10:18:12 PM Server.Server main
INFO: RMI server is ready
янв. 29, 2024 10:18:12 PM Server.Server main
INFO: Chat Server is running on port 12345
янв. 29, 2024 10:18:12 PM Server.ChatServer start
INFO: Chat server is running on port: 12345
янв. 29, 2024 10:18:34 PM Server.GameImplementation registerClient
INFO: Client registered with Player ID: 1
янв. 29, 2024 10:18:34 PM Server.ChatServer$ClientHandler run
INFO: New client connected: Socket[addr=/127.0.0.1,port=62612,localport=12345]
янв. 29, 2024 10:18:53 PM Server.GameImplementation registerClient
INFO: Client registered with Player ID: 2
янв. 29, 2024 10:18:53 PM Server.ChatServer$ClientHandler run
INFO: New client connected: Socket[addr=/127.0.0.1,port=62623,localport=12345]
янв. 29, 2024 10:18:57 PM Server.GameImplementation pair_players
INFO: Pairing players: 1 and 2
янв. 29, 2024 10:19:33 PM Server.ChatServer$ClientHandler run
INFO: Client disconnected: Socket[addr=/127.0.0.1,port=62623,localport=12345]
янв. 29, 2024 10:19:35 PM Server.ChatServer$ClientHandler run
INFO: Client disconnected: Socket[addr=/127.0.0.1,port=62612,localport=12345]
янв. 29, 2024 10:43:24 PM Server.Server main
INFO: RMI server is ready
янв. 29, 2024 10:43:24 PM Server.Server main
INFO: Chat Server is running on port 12345
янв. 29, 2024 10:43:24 PM Server.ChatServer start
INFO: Chat server is running on port: 12345
янв. 29, 2024 10:43:48 PM Server.GameImplementation registerClient
INFO: Client registered with Player ID: 1
янв. 29, 2024 10:43:48 PM Server.ChatServer$ClientHandler run
INFO: New client connected: Socket[addr=/127.0.0.1,port=63442,localport=12345]
янв. 29, 2024 10:44:07 PM Server.GameImplementation registerClient
INFO: Client registered with Player ID: 2
янв. 29, 2024 10:44:07 PM Server.ChatServer$ClientHandler run
INFO: New client connected: Socket[addr=/127.0.0.1,port=63458,localport=12345]
янв. 29, 2024 10:44:14 PM Server.GameImplementation pair_players
INFO: Pairing players: 1 and 2
янв. 29, 2024 10:44:26 PM Server.ChatServer$ClientHandler run
INFO: Client disconnected: Socket[addr=/127.0.0.1,port=63458,localport=12345]
янв. 29, 2024 10:44:27 PM Server.ChatServer$ClientHandler run
INFO: Client disconnected: Socket[addr=/127.0.0.1,port=63442,localport=12345]
янв. 29, 2024 10:49:16 PM Server.Server main
INFO: RMI server is ready
янв. 29, 2024 10:49:16 PM Server.Server main
INFO: Chat Server is running on port 12345
янв. 29, 2024 10:49:16 PM Server.ChatServer start
INFO: Chat server is running on port: 12345
янв. 29, 2024 10:49:31 PM Server.GameImplementation registerClient
INFO: Client registered with Player ID: 1
янв. 29, 2024 10:49:31 PM Server.ChatServer$ClientHandler run
INFO: New client connected: Socket[addr=/127.0.0.1,port=63642,localport=12345]
янв. 29, 2024 10:49:50 PM Server.GameImplementation registerClient
INFO: Client registered with Player ID: 2
янв. 29, 2024 10:49:50 PM Server.ChatServer$ClientHandler run
INFO: New client connected: Socket[addr=/127.0.0.1,port=63654,localport=12345]
янв. 29, 2024 10:50:14 PM Server.GameImplementation pair_players
INFO: Pairing players: 1 and 2
янв. 29, 2024 10:51:24 PM Server.ChatServer$ClientHandler run
INFO: Client disconnected: Socket[addr=/127.0.0.1,port=63642,localport=12345]
янв. 29, 2024 10:51:24 PM Server.ChatServer$ClientHandler run
INFO: Client disconnected: Socket[addr=/127.0.0.1,port=63654,localport=12345]
янв. 29, 2024 11:04:00 PM Server.Server main
INFO: RMI server is ready
янв. 29, 2024 11:04:00 PM Server.Server main
INFO: Chat Server is running on port 12345
янв. 29, 2024 11:04:00 PM Server.ChatServer start
INFO: Chat server is running on port: 12345
янв. 29, 2024 11:04:28 PM Server.GameImplementation registerClient
INFO: Client registered with Player ID: 1
янв. 29, 2024 11:04:28 PM Server.ChatServer$ClientHandler run
INFO: New client connected: Socket[addr=/127.0.0.1,port=64146,localport=12345]
янв. 29, 2024 11:04:45 PM Server.GameImplementation registerClient
INFO: Client registered with Player ID: 2
янв. 29, 2024 11:04:45 PM Server.ChatServer$ClientHandler run
INFO: New client connected: Socket[addr=/127.0.0.1,port=64162,localport=12345]
янв. 29, 2024 11:04:53 PM Server.GameImplementation pair_players
INFO: Pairing players: 2 and 1
янв. 29, 2024 11:05:19 PM Server.ChatServer$ClientHandler run
INFO: Client disconnected: Socket[addr=/127.0.0.1,port=64146,localport=12345]
янв. 29, 2024 11:05:26 PM Server.ChatServer$ClientHandler run
INFO: Client disconnected: Socket[addr=/127.0.0.1,port=64162,localport=12345]
янв. 29, 2024 11:05:34 PM Server.Server main
INFO: RMI server is ready
янв. 29, 2024 11:05:34 PM Server.Server main
INFO: Chat Server is running on port 12345
янв. 29, 2024 11:05:34 PM Server.ChatServer start
INFO: Chat server is running on port: 12345
янв. 29, 2024 11:05:41 PM Server.GameImplementation registerClient
INFO: Client registered with Player ID: 1
янв. 29, 2024 11:05:41 PM Server.ChatServer$ClientHandler run
INFO: New client connected: Socket[addr=/127.0.0.1,port=64193,localport=12345]
янв. 29, 2024 11:05:48 PM Server.GameImplementation registerClient
INFO: Client registered with Player ID: 2
янв. 29, 2024 11:05:48 PM Server.ChatServer$ClientHandler run
INFO: New client connected: Socket[addr=/127.0.0.1,port=64200,localport=12345]
янв. 29, 2024 11:05:58 PM Server.GameImplementation pair_players
INFO: Pairing players: 2 and 1
янв. 29, 2024 11:06:17 PM Server.ChatServer$ClientHandler run
INFO: Client disconnected: Socket[addr=/127.0.0.1,port=64200,localport=12345]
янв. 29, 2024 11:06:18 PM Server.ChatServer$ClientHandler run
INFO: Client disconnected: Socket[addr=/127.0.0.1,port=64193,localport=12345]
янв. 29, 2024 11:11:13 PM Server.Server main
INFO: RMI server is ready
янв. 29, 2024 11:11:13 PM Server.Server main
INFO: Chat Server is running on port 12345
янв. 29, 2024 11:11:13 PM Server.ChatServer start
INFO: Chat server is running on port: 12345
янв. 29, 2024 11:11:31 PM Server.GameImplementation registerClient
INFO: Client registered with Player ID: 1
янв. 29, 2024 11:11:31 PM Server.ChatServer$ClientHandler run
INFO: New client connected: Socket[addr=/127.0.0.1,port=64429,localport=12345]
янв. 29, 2024 11:11:47 PM Server.GameImplementation registerClient
INFO: Client registered with Player ID: 2
янв. 29, 2024 11:11:47 PM Server.ChatServer$ClientHandler run
INFO: New client connected: Socket[addr=/127.0.0.1,port=64441,localport=12345]
янв. 29, 2024 11:11:55 PM Server.GameImplementation pair_players
INFO: Pairing players: 1 and 2
янв. 29, 2024 11:29:53 PM Server.Server main
INFO: RMI server is ready
янв. 29, 2024 11:29:53 PM Server.Server main
INFO: Chat Server is running on port 12345
янв. 29, 2024 11:29:53 PM Server.ChatServer start
INFO: Chat server is running on port: 12345
янв. 29, 2024 11:30:12 PM Server.GameImplementation registerClient
INFO: Client registered with Player ID: 1
янв. 29, 2024 11:30:12 PM Server.ChatServer$ClientHandler run
INFO: New client connected: Socket[addr=/127.0.0.1,port=65024,localport=12345]
янв. 29, 2024 11:30:28 PM Server.GameImplementation registerClient
INFO: Client registered with Player ID: 2
янв. 29, 2024 11:30:28 PM Server.ChatServer$ClientHandler run
INFO: New client connected: Socket[addr=/127.0.0.1,port=65038,localport=12345]
янв. 29, 2024 11:30:33 PM Server.GameImplementation pair_players
INFO: Pairing players: 1 and 2
янв. 29, 2024 11:30:51 PM Server.ChatServer$ClientHandler run
INFO: Client disconnected: Socket[addr=/127.0.0.1,port=65024,localport=12345]
янв. 29, 2024 11:30:53 PM Server.ChatServer$ClientHandler run
INFO: Client disconnected: Socket[addr=/127.0.0.1,port=65038,localport=12345]
янв. 29, 2024 11:38:23 PM Server.Server main
INFO: RMI server is ready
янв. 29, 2024 11:38:23 PM Server.Server main
INFO: Chat Server is running on port 12345
янв. 29, 2024 11:38:23 PM Server.ChatServer start
INFO: Chat server is running on port: 12345
янв. 29, 2024 11:38:59 PM Server.GameImplementation registerClient
INFO: Client registered with Player ID: 1
янв. 29, 2024 11:38:59 PM Server.ChatServer$ClientHandler run
INFO: New client connected: Socket[addr=/127.0.0.1,port=51010,localport=12345]
янв. 29, 2024 11:39:17 PM Server.GameImplementation registerClient
INFO: Client registered with Player ID: 2
янв. 29, 2024 11:39:17 PM Server.ChatServer$ClientHandler run
INFO: New client connected: Socket[addr=/127.0.0.1,port=51020,localport=12345]
янв. 29, 2024 11:39:22 PM Server.GameImplementation pair_players
INFO: Pairing players: 1 and 2
янв. 29, 2024 11:47:58 PM Server.ChatServer$ClientHandler run
INFO: Client disconnected: Socket[addr=/127.0.0.1,port=51020,localport=12345]
янв. 29, 2024 11:47:58 PM Server.ChatServer$ClientHandler run
INFO: Client disconnected: Socket[addr=/127.0.0.1,port=51010,localport=12345]
